C:\Users\cristian.urzica\source\repos\ToDoApplication\ClientApp\dist\out-tsc\e2e\src\app.po.js
C:\Users\cristian.urzica\source\repos\ToDoApplication\ClientApp\dist\out-tsc\e2e\src\app.po.js.map
C:\Users\cristian.urzica\source\repos\ToDoApplication\ClientApp\dist\out-tsc\e2e\src\app.e2e-spec.js
C:\Users\cristian.urzica\source\repos\ToDoApplication\ClientApp\dist\out-tsc\e2e\src\app.e2e-spec.js.map
C:\Users\cristian.urzica\source\repos\ToDoApplication\ClientApp\dist\out-tsc\src\app\app.component.js
C:\Users\cristian.urzica\source\repos\ToDoApplication\ClientApp\dist\out-tsc\src\app\app.component.js.map
C:\Users\cristian.urzica\source\repos\ToDoApplication\ClientApp\dist\out-tsc\src\app\nav-menu\nav-menu.component.js
C:\Users\cristian.urzica\source\repos\ToDoApplication\ClientApp\dist\out-tsc\src\app\nav-menu\nav-menu.component.js.map
C:\Users\cristian.urzica\source\repos\ToDoApplication\ClientApp\dist\out-tsc\src\app\home\home.component.js
C:\Users\cristian.urzica\source\repos\ToDoApplication\ClientApp\dist\out-tsc\src\app\home\home.component.js.map
C:\Users\cristian.urzica\source\repos\ToDoApplication\ClientApp\dist\out-tsc\src\app\models\task.js
C:\Users\cristian.urzica\source\repos\ToDoApplication\ClientApp\dist\out-tsc\src\app\models\task.js.map
C:\Users\cristian.urzica\source\repos\ToDoApplication\ClientApp\dist\out-tsc\src\app\components\tasks\tasks.component.js
C:\Users\cristian.urzica\source\repos\ToDoApplication\ClientApp\dist\out-tsc\src\app\components\tasks\tasks.component.js.map
C:\Users\cristian.urzica\source\repos\ToDoApplication\ClientApp\dist\out-tsc\src\app\models\comment.js
C:\Users\cristian.urzica\source\repos\ToDoApplication\ClientApp\dist\out-tsc\src\app\models\comment.js.map
C:\Users\cristian.urzica\source\repos\ToDoApplication\ClientApp\dist\out-tsc\src\app\models\task-details.js
C:\Users\cristian.urzica\source\repos\ToDoApplication\ClientApp\dist\out-tsc\src\app\models\task-details.js.map
C:\Users\cristian.urzica\source\repos\ToDoApplication\ClientApp\dist\out-tsc\src\app\components\task-detail\task-detail.component.js
C:\Users\cristian.urzica\source\repos\ToDoApplication\ClientApp\dist\out-tsc\src\app\components\task-detail\task-detail.component.js.map
C:\Users\cristian.urzica\source\repos\ToDoApplication\ClientApp\dist\out-tsc\src\app\components\task-create\task-create.component.js
C:\Users\cristian.urzica\source\repos\ToDoApplication\ClientApp\dist\out-tsc\src\app\components\task-create\task-create.component.js.map
C:\Users\cristian.urzica\source\repos\ToDoApplication\ClientApp\dist\out-tsc\src\app\app.module.js
C:\Users\cristian.urzica\source\repos\ToDoApplication\ClientApp\dist\out-tsc\src\app\app.module.js.map
C:\Users\cristian.urzica\source\repos\ToDoApplication\ClientApp\dist\out-tsc\src\environments\environment.js
C:\Users\cristian.urzica\source\repos\ToDoApplication\ClientApp\dist\out-tsc\src\environments\environment.js.map
C:\Users\cristian.urzica\source\repos\ToDoApplication\ClientApp\dist\out-tsc\src\main.js
C:\Users\cristian.urzica\source\repos\ToDoApplication\ClientApp\dist\out-tsc\src\main.js.map
C:\Users\cristian.urzica\source\repos\ToDoApplication\ClientApp\dist\out-tsc\src\polyfills.js
C:\Users\cristian.urzica\source\repos\ToDoApplication\ClientApp\dist\out-tsc\src\polyfills.js.map
C:\Users\cristian.urzica\source\repos\ToDoApplication\ClientApp\dist\out-tsc\src\test.js
C:\Users\cristian.urzica\source\repos\ToDoApplication\ClientApp\dist\out-tsc\src\test.js.map
C:\Users\cristian.urzica\source\repos\ToDoApplication\ClientApp\dist\out-tsc\src\app\app.server.module.js
C:\Users\cristian.urzica\source\repos\ToDoApplication\ClientApp\dist\out-tsc\src\app\app.server.module.js.map
C:\Users\cristian.urzica\source\repos\ToDoApplication\ClientApp\dist\out-tsc\src\environments\environment.prod.js
C:\Users\cristian.urzica\source\repos\ToDoApplication\ClientApp\dist\out-tsc\src\environments\environment.prod.js.map
